21-Jun-2022 14:56:02:552, INFO, JPPF client starting with sslEnabled = false
21-Jun-2022 14:56:02:552, INFO, start of runPopulationGenerator: parsing xml file
21-Jun-2022 14:56:02:588, INFO, connection [driver1] created
21-Jun-2022 14:56:02:696, INFO, running 1 processing thread
21-Jun-2022 14:56:02:696, INFO, Using default thread manager
21-Jun-2022 14:56:03:091, INFO, creating the controls arrays.
21-Jun-2022 14:56:03:211, INFO, balancing household weights over initial PUMA controls ...
21-Jun-2022 14:56:03:212, INFO, getting incidence table data for pums ...
21-Jun-2022 14:56:03:275, INFO, getting MAZ Level Control: Total GQ Population count incidence table.
21-Jun-2022 14:56:03:431, INFO, getting Regional META Control: Total Regional GQ Population count incidence table.
21-Jun-2022 14:56:03:563, INFO, combining final incidence tables.
21-Jun-2022 14:56:03:563, INFO, balancing incidence table 0 has 2957 rows and 1 columns.  Input table columns [ 0 ] were added to final incidence.
21-Jun-2022 14:56:03:563, INFO, balancing incidence table 1 has 2957 rows and 1 columns.  Input table columns [ 0 ] were added to final incidence.
21-Jun-2022 14:56:03:563, INFO, balancing incidence table total households control index = 0.
21-Jun-2022 14:56:03:614, INFO, getting MAZ Level Control: Total GQ Population count incidence table.
21-Jun-2022 14:56:03:774, INFO, getting Regional META Control: Total Regional GQ Population count incidence table.
21-Jun-2022 14:56:03:915, INFO, combining final incidence tables.
21-Jun-2022 14:56:03:915, INFO, balancing incidence table 0 has 3691 rows and 1 columns.  Input table columns [ 0 ] were added to final incidence.
21-Jun-2022 14:56:03:915, INFO, balancing incidence table 1 has 3691 rows and 1 columns.  Input table columns [ 0 ] were added to final incidence.
21-Jun-2022 14:56:03:915, INFO, balancing incidence table total households control index = 0.
21-Jun-2022 14:56:03:954, INFO, getting MAZ Level Control: Total GQ Population count incidence table.
21-Jun-2022 14:56:04:074, INFO, getting Regional META Control: Total Regional GQ Population count incidence table.
21-Jun-2022 14:56:04:198, INFO, combining final incidence tables.
21-Jun-2022 14:56:04:198, INFO, balancing incidence table 0 has 2832 rows and 1 columns.  Input table columns [ 0 ] were added to final incidence.
21-Jun-2022 14:56:04:198, INFO, balancing incidence table 1 has 2832 rows and 1 columns.  Input table columns [ 0 ] were added to final incidence.
21-Jun-2022 14:56:04:198, INFO, balancing incidence table total households control index = 0.
21-Jun-2022 14:56:04:198, INFO, balancing household weights over initial PUMA controls ...
21-Jun-2022 14:56:04:207, INFO,  Summary Report for Iteration 3, Delta=0.0
21-Jun-2022 14:56:04:207, INFO,    control     target    current       currentWtd         relaxWts            gamma
21-Jun-2022 14:56:04:210, INFO,  Summary Report for Iteration 2, Delta=8.197217000549799E-13
21-Jun-2022 14:56:04:207, INFO,  Summary Report for Iteration 2, Delta=6.612117689222274E-10
21-Jun-2022 14:56:04:212, INFO,          1       9587      9586.999964     9.587000e+03     1.000000e+00     1.000000e+00
21-Jun-2022 14:56:04:213, INFO, 
21-Jun-2022 14:56:04:213, INFO, 
21-Jun-2022 14:56:04:211, INFO,    control     target    current       currentWtd         relaxWts            gamma
21-Jun-2022 14:56:04:213, INFO, 
21-Jun-2022 14:56:04:212, INFO,    control     target    current       currentWtd         relaxWts            gamma
21-Jun-2022 14:56:04:213, INFO,          1       1948      1948.000000     1.948000e+03     1.000000e+00     1.000000e+00
21-Jun-2022 14:56:04:216, INFO, 
21-Jun-2022 14:56:04:218, INFO, 
21-Jun-2022 14:56:04:218, INFO, 
21-Jun-2022 14:56:04:213, INFO,          1       5596      5595.999995     5.596000e+03     1.000000e+00     1.000000e+00
21-Jun-2022 14:56:04:221, INFO, 
21-Jun-2022 14:56:04:221, INFO, 
21-Jun-2022 14:56:04:221, INFO, 
21-Jun-2022 14:56:04:218, INFO, Task 1: initial PUMA 10013[ L19US-D9295PD2_pool-2-thread-1_10013 ] completed.
21-Jun-2022 14:56:04:221, INFO, Task 2: initial PUMA 190047[ L19US-D9295PD2_pool-2-thread-2_190047 ] completed.
21-Jun-2022 14:56:04:221, INFO, Task 3: initial PUMA 180047[ L19US-D9295PD2_pool-2-thread-3_180047 ] completed.
21-Jun-2022 14:56:04:221, INFO, Time for initial PUMA balancing for all pumas = 20.54 millisecs.
21-Jun-2022 14:56:04:221, INFO, calculating new PUMA meta controls ...
21-Jun-2022 14:56:04:221, INFO, appending new PUMA meta controls to original PUMA controls ...
21-Jun-2022 14:56:04:221, INFO, balancing household weights over final PUMA controls ...
21-Jun-2022 14:56:04:221, INFO,  Summary Report for Iteration 2, Delta=3.327109752173256E-14
21-Jun-2022 14:56:04:221, INFO,    control     target    current       currentWtd         relaxWts            gamma
21-Jun-2022 14:56:04:221, INFO,          1       1948      1948.000000     1.948000e+03     1.000000e+00     1.000000e+00
21-Jun-2022 14:56:04:231, INFO,  Summary Report for Iteration 2, Delta=1.2248177727172761E-12
21-Jun-2022 14:56:04:231, INFO,          2       1948      1948.000000     1.948000e+03     1.000000e+00     1.000000e+00
21-Jun-2022 14:56:04:234, INFO, 
21-Jun-2022 14:56:04:235, INFO, 
21-Jun-2022 14:56:04:235, INFO, 
21-Jun-2022 14:56:04:234, INFO,    control     target    current       currentWtd         relaxWts            gamma
21-Jun-2022 14:56:04:235, INFO, Task 1: final PUMA 10013[ L19US-D9295PD2_pool-3-thread-1_10013 ] completed.
21-Jun-2022 14:56:04:237, INFO,          1       5596      5595.999995     5.596000e+03     1.000000e+00     1.000000e+00
21-Jun-2022 14:56:04:237, INFO,          2       5596      5595.999995     5.596000e+03     1.000000e+00     1.000000e+00
21-Jun-2022 14:56:04:237, INFO, 
21-Jun-2022 14:56:04:237, INFO, 
21-Jun-2022 14:56:04:237, INFO, 
21-Jun-2022 14:56:04:237, INFO, Task 2: final PUMA 190047[ L19US-D9295PD2_pool-3-thread-2_190047 ] completed.
21-Jun-2022 14:56:04:264, INFO,  Summary Report for Iteration 380, Delta=2.6680648901761783E-11
21-Jun-2022 14:56:04:264, INFO,    control     target    current       currentWtd         relaxWts            gamma
21-Jun-2022 14:56:04:264, INFO,          1       9587      9586.999964     9.587000e+03     1.000000e+00     1.000000e+00
21-Jun-2022 14:56:04:264, INFO,          2       9587      9586.999964     9.587000e+03     1.000000e+00     1.000000e+00
21-Jun-2022 14:56:04:264, INFO, 
21-Jun-2022 14:56:04:264, INFO, 
21-Jun-2022 14:56:04:274, INFO, 
21-Jun-2022 14:56:04:274, INFO, Task 3: final PUMA 180047[ L19US-D9295PD2_pool-3-thread-3_180047 ] completed.
21-Jun-2022 14:56:04:274, INFO, Time for final PUMA balancing for all pumas = 52.65 millisecs.
21-Jun-2022 14:56:04:274, INFO, finished with PUMA balancing
21-Jun-2022 14:56:04:274, INFO, Allocating household records to TAZs and MAZs ...
21-Jun-2022 14:56:10:108, INFO, [client: driver1 - ClassServer] Attempting connection to the class server at localhost:11111
21-Jun-2022 14:56:23:805, INFO, user.dir = C:\Users\USYS671257\Desktop\PopSyn2019
21-Jun-2022 14:56:23:805, INFO, java.library.path = runtime/lib
21-Jun-2022 14:56:23:808, INFO, java.class.path = C:\Users\USYS671257\Desktop\PopSyn2019\PopsynIII_GQ.exe;runtime\config;popsyn3Unsigned.jar
21-Jun-2022 14:56:23:811, INFO, loading jnilinearsolver.dll 
21-Jun-2022 14:56:23:900, INFO, completed TAZ[ L19US-D9295PD2_node processing-1_0_10013 ]
21-Jun-2022 14:56:24:016, INFO, completed TAZ[ L19US-D9295PD2_node processing-1_1_190047 ]
21-Jun-2022 14:56:24:214, INFO, completed TAZ[ L19US-D9295PD2_node processing-1_2_180047 ]
21-Jun-2022 14:56:24:216, INFO, TAZ[ L19US-D9295PD2_node processing-1_0_10013 ], 1 of 3 completed.
21-Jun-2022 14:56:24:216, INFO, TAZ[ L19US-D9295PD2_node processing-1_1_190047 ], 2 of 3 completed.
21-Jun-2022 14:56:24:217, INFO, TAZ[ L19US-D9295PD2_node processing-1_2_180047 ], 3 of 3 completed.
21-Jun-2022 14:56:25:657, INFO, done allocating TAZs and MAZs.
21-Jun-2022 14:56:25:790, INFO, query for creating output synthetic households table = SELECT hhIds.*, t1.serialno, t1.np, t1.hincp, t1.ten, t1.bld, t1.nwrkrs_esr, t1.hhincAdj, t1.adjinc, t1.veh, t1.hht, t1.type, t1.npf, t1.hupac, t1.hhchild, t1.GQFLAG, t1.GQTYPE INTO synpop_hh_gq FROM hhIds LEFT JOIN temphh t1 ON hhIds.finalPumsId=t1.hhnum
21-Jun-2022 14:56:25:791, INFO, Time for creating output synthetic households table = 0.0022333333333333333 minutes.
21-Jun-2022 14:56:25:913, INFO, query for creating output synthetic persons table = SELECT hhIds.*, t1.sporder, t1.agep, t1.sex, t1.wkhp, t1.esr, t1.schg, t1.employed, t1.wkw, t1.mil, t1.schl, t1.indp02, t1.indp07, t1.occp02, t1.occp10, t1.GQFLAG, t1.GQTYPE INTO synpop_person_gq FROM hhIds LEFT JOIN temppers t1 ON hhIds.finalPumsId=t1.hhnum
21-Jun-2022 14:56:25:913, INFO, Time for creating output synthetic persons table = 0.0020166666666666666 minutes.
21-Jun-2022 14:56:25:915, INFO, Time for full model run = 0.39 minutes.
